This is pdfTeX, Version 3.14159265-2.6-1.40.19 (TeX Live 2018/W32TeX) (preloaded format=pdflatex 2019.1.4)  7 APR 2019 20:39
entering extended mode
 restricted \write18 enabled.
 file:line:error style messages enabled.
 %&-line parsing enabled.
**"c:/Users/WenzhaoChen/Documents/GitHub/Papers/RAS2019/0. els-cas-templates/cas-dc-template"
(c:/Users/WenzhaoChen/Documents/GitHub/Papers/RAS2019/0. els-cas-templates/cas-dc-template.tex
LaTeX2e <2018-04-01> patch level 2
Babel <3.18> and hyphenation patterns for 84 language(s) loaded.
(./cas-dc.cls
Document Class: cas-dc 2019/02/11, 1.0: Formatting class for CAS double column articles
\c@blind=\count80
\@bls=\dimen102
(c:/texlive/2018/texmf-dist/tex/latex/base/article.cls
Document Class: article 2014/09/29 v1.4h Standard LaTeX document class
(c:/texlive/2018/texmf-dist/tex/latex/base/fleqn.clo
File: fleqn.clo 2016/12/29 v1.2a Standard LaTeX option (flush left equations)
\mathindent=\dimen103
Applying: [2015/01/01] Make \[ robust on input line 50.
LaTeX Info: Redefining \[ on input line 51.
Already applied: [0000/00/00] Make \[ robust on input line 62.
Applying: [2015/01/01] Make \] robust on input line 74.
LaTeX Info: Redefining \] on input line 75.
Already applied: [0000/00/00] Make \] robust on input line 83.
) (c:/texlive/2018/texmf-dist/tex/latex/base/size10.clo
File: size10.clo 2014/09/29 v1.4h Standard LaTeX file (size option)
)
\c@part=\count81
\c@section=\count82
\c@subsection=\count83
\c@subsubsection=\count84
\c@paragraph=\count85
\c@subparagraph=\count86
\c@figure=\count87
\c@table=\count88
\abovecaptionskip=\skip41
\belowcaptionskip=\skip42
\bibindent=\dimen104
) (c:/texlive/2018/texmf-dist/tex/latex/graphics/graphicx.sty
Package: graphicx 2017/06/01 v1.1a Enhanced LaTeX Graphics (DPC,SPQR)
 (c:/texlive/2018/texmf-dist/tex/latex/graphics/keyval.sty
Package: keyval 2014/10/28 v1.15 key=value parser (DPC)
\KV@toks@=\toks14
) (c:/texlive/2018/texmf-dist/tex/latex/graphics/graphics.sty
Package: graphics 2017/06/25 v1.2c Standard LaTeX Graphics (DPC,SPQR)
 (c:/texlive/2018/texmf-dist/tex/latex/graphics/trig.sty
Package: trig 2016/01/03 v1.10 sin cos tan (DPC)
) (c:/texlive/2018/texmf-dist/tex/latex/graphics-cfg/graphics.cfg
File: graphics.cfg 2016/06/04 v1.11 sample graphics configuration
)
Package graphics Info: Driver file: pdftex.def on input line 99.
 (c:/texlive/2018/texmf-dist/tex/latex/graphics-def/pdftex.def
File: pdftex.def 2018/01/08 v1.0l Graphics/color driver for pdftex
))
\Gin@req@height=\dimen105
\Gin@req@width=\dimen106
) (c:/texlive/2018/texmf-dist/tex/latex/amsmath/amsmath.sty
Package: amsmath 2017/09/02 v2.17a AMS math features
\@mathmargin=\skip43

For additional information on amsmath, use the `?' option.
(c:/texlive/2018/texmf-dist/tex/latex/amsmath/amstext.sty
Package: amstext 2000/06/29 v2.01 AMS text
 (c:/texlive/2018/texmf-dist/tex/latex/amsmath/amsgen.sty
File: amsgen.sty 1999/11/30 v2.0 generic functions
\@emptytoks=\toks15
\ex@=\dimen107
)) (c:/texlive/2018/texmf-dist/tex/latex/amsmath/amsbsy.sty
Package: amsbsy 1999/11/29 v1.2d Bold Symbols
\pmbraise@=\dimen108
) (c:/texlive/2018/texmf-dist/tex/latex/amsmath/amsopn.sty
Package: amsopn 2016/03/08 v2.02 operator names
)
\inf@bad=\count89
LaTeX Info: Redefining \frac on input line 213.
\uproot@=\count90
\leftroot@=\count91
LaTeX Info: Redefining \overline on input line 375.
\classnum@=\count92
\DOTSCASE@=\count93
LaTeX Info: Redefining \ldots on input line 472.
LaTeX Info: Redefining \dots on input line 475.
LaTeX Info: Redefining \cdots on input line 596.
\Mathstrutbox@=\box26
\strutbox@=\box27
\big@size=\dimen109
LaTeX Font Info:    Redeclaring font encoding OML on input line 712.
LaTeX Font Info:    Redeclaring font encoding OMS on input line 713.
\macc@depth=\count94
\c@MaxMatrixCols=\count95
\dotsspace@=\muskip10
\c@parentequation=\count96
\dspbrk@lvl=\count97
\tag@help=\toks16
\row@=\count98
\column@=\count99
\maxfields@=\count100
\andhelp@=\toks17
\eqnshift@=\dimen110
\alignsep@=\dimen111
\tagshift@=\dimen112
\tagwidth@=\dimen113
\totwidth@=\dimen114
\lineht@=\dimen115
\@envbody=\toks18
\multlinegap=\skip44
\multlinetaggap=\skip45
\mathdisplay@stack=\toks19
LaTeX Info: Redefining \[ on input line 2817.
LaTeX Info: Redefining \] on input line 2818.
) (c:/texlive/2018/texmf-dist/tex/latex/amsfonts/amsfonts.sty
Package: amsfonts 2013/01/14 v3.01 Basic AMSFonts support
\symAMSa=\mathgroup4
\symAMSb=\mathgroup5
LaTeX Font Info:    Overwriting math alphabet `\mathfrak' in version `bold'
(Font)                  U/euf/m/n --> U/euf/b/n on input line 106.
) (c:/texlive/2018/texmf-dist/tex/latex/amsfonts/amssymb.sty
Package: amssymb 2013/01/14 v3.01 AMS font symbols
) (c:/texlive/2018/texmf-dist/tex/latex/l3kernel/expl3.sty
Package: expl3 2018/03/05 L3 programming layer (loader) 
 (c:/texlive/2018/texmf-dist/tex/latex/l3kernel/expl3-code.tex
Package: expl3 2018/03/05 L3 programming layer (code)
\c_max_int=\count101
\l_tmpa_int=\count102
\l_tmpb_int=\count103
\g_tmpa_int=\count104
\g_tmpb_int=\count105
\g__intarray_font_int=\count106
\g__prg_map_int=\count107
\c_log_iow=\count108
\l_iow_line_count_int=\count109
\l__iow_line_target_int=\count110
\l__iow_one_indent_int=\count111
\l__iow_indent_int=\count112
\c_zero_dim=\dimen116
\c_max_dim=\dimen117
\l_tmpa_dim=\dimen118
\l_tmpb_dim=\dimen119
\g_tmpa_dim=\dimen120
\g_tmpb_dim=\dimen121
\c_zero_skip=\skip46
\c_max_skip=\skip47
\l_tmpa_skip=\skip48
\l_tmpb_skip=\skip49
\g_tmpa_skip=\skip50
\g_tmpb_skip=\skip51
\c_zero_muskip=\muskip11
\c_max_muskip=\muskip12
\l_tmpa_muskip=\muskip13
\l_tmpb_muskip=\muskip14
\g_tmpa_muskip=\muskip15
\g_tmpb_muskip=\muskip16
\l_keys_choice_int=\count113
\c__fp_leading_shift_int=\count114
\c__fp_middle_shift_int=\count115
\c__fp_trailing_shift_int=\count116
\c__fp_big_leading_shift_int=\count117
\c__fp_big_middle_shift_int=\count118
\c__fp_big_trailing_shift_int=\count119
\c__fp_Bigg_leading_shift_int=\count120
\c__fp_Bigg_middle_shift_int=\count121
\c__fp_Bigg_trailing_shift_int=\count122
\c__fp_rand_size_int=\count123
\c__fp_rand_four_int=\count124
\c__fp_rand_eight_int=\count125
\l__sort_length_int=\count126
\l__sort_min_int=\count127
\l__sort_top_int=\count128
\l__sort_max_int=\count129
\l__sort_true_max_int=\count130
\l__sort_block_int=\count131
\l__sort_begin_int=\count132
\l__sort_end_int=\count133
\l__sort_A_int=\count134
\l__sort_B_int=\count135
\l__sort_C_int=\count136
\l__tl_build_start_index_int=\count137
\l__tl_build_index_int=\count138
\l__tl_analysis_normal_int=\count139
\l__tl_analysis_index_int=\count140
\l__tl_analysis_nesting_int=\count141
\l__tl_analysis_type_int=\count142
\l__regex_internal_a_int=\count143
\l__regex_internal_b_int=\count144
\l__regex_internal_c_int=\count145
\l__regex_balance_int=\count146
\l__regex_group_level_int=\count147
\l__regex_mode_int=\count148
\c__regex_cs_in_class_mode_int=\count149
\c__regex_cs_mode_int=\count150
\l__regex_catcodes_int=\count151
\l__regex_default_catcodes_int=\count152
\c__regex_catcode_D_int=\count153
\c__regex_catcode_S_int=\count154
\c__regex_catcode_L_int=\count155
\c__regex_catcode_O_int=\count156
\c__regex_catcode_A_int=\count157
\c__regex_all_catcodes_int=\count158
\l__regex_show_lines_int=\count159
\l__regex_min_state_int=\count160
\l__regex_max_state_int=\count161
\l__regex_left_state_int=\count162
\l__regex_right_state_int=\count163
\l__regex_capturing_group_int=\count164
\l__regex_min_pos_int=\count165
\l__regex_max_pos_int=\count166
\l__regex_curr_pos_int=\count167
\l__regex_start_pos_int=\count168
\l__regex_success_pos_int=\count169
\l__regex_curr_char_int=\count170
\l__regex_curr_catcode_int=\count171
\l__regex_last_char_int=\count172
\l__regex_case_changed_char_int=\count173
\l__regex_curr_state_int=\count174
\l__regex_step_int=\count175
\l__regex_min_active_int=\count176
\l__regex_max_active_int=\count177
\l__regex_replacement_csnames_int=\count178
\l__regex_match_count_int=\count179
\l__regex_min_submatch_int=\count180
\l__regex_submatch_int=\count181
\l__regex_zeroth_submatch_int=\count182
\g__regex_trace_regex_int=\count183
\c_empty_box=\box28
\l_tmpa_box=\box29
\l_tmpb_box=\box30
\g_tmpa_box=\box31
\g_tmpb_box=\box32
\l__box_top_dim=\dimen122
\l__box_bottom_dim=\dimen123
\l__box_left_dim=\dimen124
\l__box_right_dim=\dimen125
\l__box_top_new_dim=\dimen126
\l__box_bottom_new_dim=\dimen127
\l__box_left_new_dim=\dimen128
\l__box_right_new_dim=\dimen129
\l__box_internal_box=\box33
\l__coffin_internal_box=\box34
\l__coffin_internal_dim=\dimen130
\l__coffin_offset_x_dim=\dimen131
\l__coffin_offset_y_dim=\dimen132
\l__coffin_x_dim=\dimen133
\l__coffin_y_dim=\dimen134
\l__coffin_x_prime_dim=\dimen135
\l__coffin_y_prime_dim=\dimen136
\c_empty_coffin=\box35
\l__coffin_aligned_coffin=\box36
\l__coffin_aligned_internal_coffin=\box37
\l_tmpa_coffin=\box38
\l_tmpb_coffin=\box39
\l__coffin_display_coffin=\box40
\l__coffin_display_coord_coffin=\box41
\l__coffin_display_pole_coffin=\box42
\l__coffin_display_offset_dim=\dimen137
\l__coffin_display_x_dim=\dimen138
\l__coffin_display_y_dim=\dimen139
\l__coffin_bounding_shift_dim=\dimen140
\l__coffin_left_corner_dim=\dimen141
\l__coffin_right_corner_dim=\dimen142
\l__coffin_bottom_corner_dim=\dimen143
\l__coffin_top_corner_dim=\dimen144
\l__coffin_scaled_total_height_dim=\dimen145
\l__coffin_scaled_width_dim=\dimen146
) (c:/texlive/2018/texmf-dist/tex/latex/l3kernel/l3pdfmode.def
File: l3pdfmode.def 2017/03/18 v L3 Experimental driver: PDF mode
\l__driver_color_stack_int=\count184
)) (c:/texlive/2018/texmf-dist/tex/latex/l3packages/xparse/xparse.sty
Package: xparse 2018/02/21 L3 Experimental document command parser
\l__xparse_current_arg_int=\count185
\g__xparse_grabber_int=\count186
\l__xparse_m_args_int=\count187
\l__xparse_mandatory_args_int=\count188
\l__xparse_v_nesting_int=\count189
) (c:/texlive/2018/texmf-dist/tex/latex/etoolbox/etoolbox.sty
Package: etoolbox 2018/02/11 v2.5e e-TeX tools for LaTeX (JAW)
\etb@tempcnta=\count190
) (c:/texlive/2018/texmf-dist/tex/latex/preprint/balance.sty
Package: balance 1999/02/23 4.3 (PWD)
\oldvsize=\dimen147
) (c:/texlive/2018/texmf-dist/tex/latex/booktabs/booktabs.sty
Package: booktabs 2016/04/27 v1.618033 publication quality tables
\heavyrulewidth=\dimen148
\lightrulewidth=\dimen149
\cmidrulewidth=\dimen150
\belowrulesep=\dimen151
\belowbottomsep=\dimen152
\aboverulesep=\dimen153
\abovetopsep=\dimen154
\cmidrulesep=\dimen155
\cmidrulekern=\dimen156
\defaultaddspace=\dimen157
\@cmidla=\count191
\@cmidlb=\count192
\@aboverulesep=\dimen158
\@belowrulesep=\dimen159
\@thisruleclass=\count193
\@lastruleclass=\count194
\@thisrulewidth=\dimen160
) (c:/texlive/2018/texmf-dist/tex/latex/makecell/makecell.sty
Package: makecell 2009/08/03 V0.1e Managing of Tab Column Heads and Cells
 (c:/texlive/2018/texmf-dist/tex/latex/tools/array.sty
Package: array 2018/04/07 v2.4g Tabular extension package (FMi)
\col@sep=\dimen161
\ar@mcellbox=\box43
\extrarowheight=\dimen162
\NC@list=\toks20
\extratabsurround=\skip52
\backup@length=\skip53
\ar@cellbox=\box44
)
\rotheadsize=\dimen163
\c@nlinenum=\count195
\TeXr@lab=\toks21
) (c:/texlive/2018/texmf-dist/tex/latex/multirow/multirow.sty
Package: multirow 2016/11/25 v2.2 Span multiple rows of a table
\multirow@colwidth=\skip54
\multirow@cntb=\count196
\multirow@dima=\skip55
\bigstrutjot=\dimen164
) (c:/texlive/2018/texmf-dist/tex/latex/colortbl/colortbl.sty
Package: colortbl 2012/02/13 v1.0a Color table columns (DPC)
 (c:/texlive/2018/texmf-dist/tex/latex/graphics/color.sty
Package: color 2016/07/10 v1.1e Standard LaTeX Color (DPC)
 (c:/texlive/2018/texmf-dist/tex/latex/graphics-cfg/color.cfg
File: color.cfg 2016/01/02 v1.6 sample color configuration
)
Package color Info: Driver file: pdftex.def on input line 147.
)
\everycr=\toks22
\minrowclearance=\skip56
) (c:/texlive/2018/texmf-dist/tex/latex/tools/dcolumn.sty
Package: dcolumn 2014/10/28 v1.06 decimal alignment package (DPC)
) (c:/texlive/2018/texmf-dist/tex/latex/sttools/stfloats.sty
Package: stfloats 2017/03/27 v3.3 Improve float mechanism and baselineskip settings
\@dblbotnum=\count197
\c@dblbotnumber=\count198
) (c:/texlive/2018/texmf-dist/tex/latex/tools/xspace.sty
Package: xspace 2014/10/28 v1.13 Space after command names (DPC,MH)
) (c:/texlive/2018/texmf-dist/tex/generic/xstring/xstring.sty (c:/texlive/2018/texmf-dist/tex/generic/xstring/xstring.tex
\@xs@message=\write3
\integerpart=\count199
\decimalpart=\count266
)
Package: xstring 2013/10/13  v1.7c  String manipulations (C Tellechea)
) (c:/texlive/2018/texmf-dist/tex/latex/footmisc/footmisc.sty
Package: footmisc 2011/06/06 v5.5b a miscellany of footnote facilities
\FN@temptoken=\toks23
\footnotemargin=\dimen165
\c@pp@next@reset=\count267
Package footmisc Info: Declaring symbol style bringhurst on input line 855.
Package footmisc Info: Declaring symbol style chicago on input line 863.
Package footmisc Info: Declaring symbol style wiley on input line 872.
Package footmisc Info: Declaring symbol style lamport-robust on input line 883.
Package footmisc Info: Declaring symbol style lamport* on input line 903.
Package footmisc Info: Declaring symbol style lamport*-robust on input line 924.
) (c:/texlive/2018/texmf-dist/tex/latex/xcolor/xcolor.sty
Package: xcolor 2016/05/11 v2.12 LaTeX color extensions (UK)
 (c:/texlive/2018/texmf-dist/tex/latex/graphics-cfg/color.cfg
File: color.cfg 2016/01/02 v1.6 sample color configuration
)
Package xcolor Info: Driver file: pdftex.def on input line 225.
LaTeX Info: Redefining \color on input line 709.
Package xcolor Info: Model `cmy' substituted by `cmy0' on input line 1348.
Package xcolor Info: Model `hsb' substituted by `rgb' on input line 1352.
Package xcolor Info: Model `RGB' extended on input line 1364.
Package xcolor Info: Model `HTML' substituted by `rgb' on input line 1366.
Package xcolor Info: Model `Hsb' substituted by `hsb' on input line 1367.
Package xcolor Info: Model `tHsb' substituted by `hsb' on input line 1368.
Package xcolor Info: Model `HSB' substituted by `hsb' on input line 1369.
Package xcolor Info: Model `Gray' substituted by `gray' on input line 1370.
Package xcolor Info: Model `wave' substituted by `hsb' on input line 1371.
 (c:/texlive/2018/texmf-dist/tex/latex/graphics/dvipsnam.def
File: dvipsnam.def 2016/06/17 v3.0m Driver-dependent file (DPC,SPQR)
) (c:/texlive/2018/texmf-dist/tex/latex/xcolor/svgnam.def
File: svgnam.def 2016/05/11 v2.12 Predefined colors according to SVG 1.1 (UK)
)) (c:/texlive/2018/texmf-dist/tex/latex/hyperref/hyperref.sty
Package: hyperref 2018/02/06 v6.86b Hypertext links for LaTeX
 (c:/texlive/2018/texmf-dist/tex/generic/oberdiek/hobsub-hyperref.sty
Package: hobsub-hyperref 2016/05/16 v1.14 Bundle oberdiek, subset hyperref (HO)
 (c:/texlive/2018/texmf-dist/tex/generic/oberdiek/hobsub-generic.sty
Package: hobsub-generic 2016/05/16 v1.14 Bundle oberdiek, subset generic (HO)
Package: hobsub 2016/05/16 v1.14 Construct package bundles (HO)
Package: infwarerr 2016/05/16 v1.4 Providing info/warning/error messages (HO)
Package: ltxcmds 2016/05/16 v1.23 LaTeX kernel commands for general use (HO)
Package: ifluatex 2016/05/16 v1.4 Provides the ifluatex switch (HO)
Package ifluatex Info: LuaTeX not detected.
Package: ifvtex 2016/05/16 v1.6 Detect VTeX and its facilities (HO)
Package ifvtex Info: VTeX not detected.
Package: intcalc 2016/05/16 v1.2 Expandable calculations with integers (HO)
Package: ifpdf 2017/03/15 v3.2 Provides the ifpdf switch
Package: etexcmds 2016/05/16 v1.6 Avoid name clashes with e-TeX commands (HO)
Package etexcmds Info: Could not find \expanded.
(etexcmds)             That can mean that you are not using pdfTeX 1.50 or
(etexcmds)             that some package has redefined \expanded.
(etexcmds)             In the latter case, load this package earlier.
Package: kvsetkeys 2016/05/16 v1.17 Key value parser (HO)
Package: kvdefinekeys 2016/05/16 v1.4 Define keys (HO)
Package: pdftexcmds 2018/01/30 v0.27 Utility functions of pdfTeX for LuaTeX (HO)
Package pdftexcmds Info: LuaTeX not detected.
Package pdftexcmds Info: \pdf@primitive is available.
Package pdftexcmds Info: \pdf@ifprimitive is available.
Package pdftexcmds Info: \pdfdraftmode found.
Package: pdfescape 2016/05/16 v1.14 Implements pdfTeX's escape features (HO)
Package: bigintcalc 2016/05/16 v1.4 Expandable calculations on big integers (HO)
Package: bitset 2016/05/16 v1.2 Handle bit-vector datatype (HO)
Package: uniquecounter 2016/05/16 v1.3 Provide unlimited unique counter (HO)
)
Package hobsub Info: Skipping package `hobsub' (already loaded).
Package: letltxmacro 2016/05/16 v1.5 Let assignment for LaTeX macros (HO)
Package: hopatch 2016/05/16 v1.3 Wrapper for package hooks (HO)
Package: xcolor-patch 2016/05/16 xcolor patch
Package: atveryend 2016/05/16 v1.9 Hooks at the very end of document (HO)
Package: atbegshi 2016/06/09 v1.18 At begin shipout hook (HO)
Package: refcount 2016/05/16 v3.5 Data extraction from label references (HO)
Package: hycolor 2016/05/16 v1.8 Color options for hyperref/bookmark (HO)
) (c:/texlive/2018/texmf-dist/tex/generic/ifxetex/ifxetex.sty
Package: ifxetex 2010/09/12 v0.6 Provides ifxetex conditional
) (c:/texlive/2018/texmf-dist/tex/latex/oberdiek/auxhook.sty
Package: auxhook 2016/05/16 v1.4 Hooks for auxiliary files (HO)
) (c:/texlive/2018/texmf-dist/tex/latex/oberdiek/kvoptions.sty
Package: kvoptions 2016/05/16 v3.12 Key value format for package options (HO)
)
\@linkdim=\dimen166
\Hy@linkcounter=\count268
\Hy@pagecounter=\count269
 (c:/texlive/2018/texmf-dist/tex/latex/hyperref/pd1enc.def
File: pd1enc.def 2018/02/06 v6.86b Hyperref: PDFDocEncoding definition (HO)
Now handling font encoding PD1 ...
... no UTF-8 mapping file for font encoding PD1
)
\Hy@SavedSpaceFactor=\count270
 (c:/texlive/2018/texmf-dist/tex/latex/latexconfig/hyperref.cfg
File: hyperref.cfg 2002/06/06 v1.2 hyperref configuration of TeXLive
)
Package hyperref Info: Option `colorlinks' set `true' on input line 4383.
Package hyperref Info: Hyper figures OFF on input line 4509.
Package hyperref Info: Link nesting OFF on input line 4514.
Package hyperref Info: Hyper index ON on input line 4517.
Package hyperref Info: Plain pages OFF on input line 4524.
Package hyperref Info: Backreferencing OFF on input line 4529.
Package hyperref Info: Implicit mode ON; LaTeX internals redefined.
Package hyperref Info: Bookmarks ON on input line 4762.
\c@Hy@tempcnt=\count271
 (c:/texlive/2018/texmf-dist/tex/latex/url/url.sty
\Urlmuskip=\muskip17
Package: url 2013/09/16  ver 3.4  Verb mode for urls, etc.
)
LaTeX Info: Redefining \url on input line 5115.
\XeTeXLinkMargin=\dimen167
\Fld@menulength=\count272
\Field@Width=\dimen168
\Fld@charsize=\dimen169
Package hyperref Info: Hyper figures OFF on input line 6369.
Package hyperref Info: Link nesting OFF on input line 6374.
Package hyperref Info: Hyper index ON on input line 6377.
Package hyperref Info: backreferencing OFF on input line 6384.
Package hyperref Info: Link coloring ON on input line 6387.
Package hyperref Info: Link coloring with OCG OFF on input line 6394.
Package hyperref Info: PDF/A mode OFF on input line 6399.
LaTeX Info: Redefining \ref on input line 6439.
LaTeX Info: Redefining \pageref on input line 6443.
\Hy@abspage=\count273
\c@Item=\count274
\c@Hfootnote=\count275
)
Package hyperref Info: Driver (autodetected): hpdftex.
 (c:/texlive/2018/texmf-dist/tex/latex/hyperref/hpdftex.def
File: hpdftex.def 2018/02/06 v6.86b Hyperref driver for pdfTeX
\Fld@listcount=\count276
\c@bookmark@seq@number=\count277
 (c:/texlive/2018/texmf-dist/tex/latex/oberdiek/rerunfilecheck.sty
Package: rerunfilecheck 2016/05/16 v1.8 Rerun checks for auxiliary files (HO)
Package uniquecounter Info: New unique counter `rerunfilecheck' on input line 282.
)
\Hy@SectionHShift=\skip57
) (./cas-common.sty
\l_stm_title_before_dim=\dimen170
\l_stm_title_after_dim=\dimen171
.................................................
. LaTeX info: "xparse/define-command"
. 
. Defining command \processTmarks with sig. '' on line 129.
.................................................
.................................................
. LaTeX info: "xparse/redefine-command"
. 
. Redefining command \title with sig. 'O{}m' on line 153.
.................................................
.................................................
. LaTeX info: "xparse/define-command"
. 
. Defining command \wrAun with sig. 'm' on line 160.
.................................................
.................................................
. LaTeX info: "xparse/define-command"
. 
. Defining command \wrAux with sig. 'm' on line 162.
.................................................
.................................................
. LaTeX info: "xparse/define-command"
. 
. Defining command \wrShipAux with sig. 'm' on line 165.
.................................................
.................................................
. LaTeX info: "xparse/define-command"
. 
. Defining command \wrShipAun with sig. 'm' on line 167.
.................................................
.................................................
. LaTeX info: "xparse/define-command"
. 
. Defining command \stmLabel with sig. 'm' on line 175.
.................................................
.................................................
. LaTeX info: "xparse/define-command"
. 
. Defining command \NewLabel with sig. 'mm' on line 181.
.................................................
.................................................
. LaTeX info: "xparse/define-command"
. 
. Defining command \stmRef with sig. 'm' on line 186.
.................................................
.................................................
. LaTeX info: "xparse/define-command"
. 
. Defining command \processFnRef with sig. 'm' on line 196.
.................................................
.................................................
. LaTeX info: "xparse/define-command"
. 
. Defining command \fnmark with sig. 'O{}' on line 199.
.................................................
.................................................
. LaTeX info: "xparse/define-command"
. 
. Defining command \fnref with sig. 'm' on line 207.
.................................................
.................................................
. LaTeX info: "xparse/define-command"
. 
. Defining command \corref with sig. 'm' on line 217.
.................................................
.................................................
. LaTeX info: "xparse/define-command"
. 
. Defining command \cormark with sig. 'O{}' on line 223.
.................................................
.................................................
. LaTeX info: "xparse/define-command"
. 
. Defining command \parsename with sig. 'm' on line 238.
.................................................
.................................................
. LaTeX info: "xparse/define-command"
. 
. Defining command \invparsename with sig. 'm' on line 246.
.................................................
.................................................
. LaTeX info: "xparse/define-command"
. 
. Defining command \surname with sig. '' on line 249.
.................................................
.................................................
. LaTeX info: "xparse/define-command"
. 
. Defining command \firstname with sig. '' on line 251.
.................................................
.................................................
. LaTeX info: "xparse/define-command"
. 
. Defining command \eadauthor with sig. '' on line 259.
.................................................
.................................................
. LaTeX info: "xparse/define-command"
. 
. Defining command \processAffRef with sig. 'm' on line 271.
.................................................
.................................................
. LaTeX info: "xparse/define-command"
. 
. Defining command \processAffNum with sig. 'm' on line 281.
.................................................
.................................................
. LaTeX info: "xparse/define-command"
. 
. Defining command \listAff with sig. '' on line 291.
.................................................
.................................................
. LaTeX info: "xparse/define-command"
. 
. Defining command \ead with sig. 'O{}m' on line 296.
.................................................
.................................................
. LaTeX info: "xparse/define-command"
. 
. Defining command \eadsep with sig. '' on line 298.
.................................................
\g_ead_int=\count278
\g_uad_int=\count279
.................................................
. LaTeX info: "xparse/define-command"
. 
. Defining command \@uad with sig. 'O{}m' on line 315.
.................................................
.................................................
. LaTeX info: "xparse/define-command"
. 
. Defining command \urlauthor with sig. 'mm' on line 327.
.................................................
.................................................
. LaTeX info: "xparse/define-command"
. 
. Defining command \@stmuads with sig. '' on line 329.
.................................................
.................................................
. LaTeX info: "xparse/define-command"
. 
. Defining command \@ead with sig. 'm' on line 337.
.................................................
\@eadauthor=\toks24
.................................................
. LaTeX info: "xparse/define-command"
. 
. Defining command \emailauthor with sig. 'mm' on line 351.
.................................................
.................................................
. LaTeX info: "xparse/define-command"
. 
. Defining command \@elseads with sig. '' on line 354.
.................................................
.................................................
. LaTeX info: "xparse/define-command"
. 
. Defining command \printemails with sig. '' on line 377.
.................................................
.................................................
. LaTeX info: "xparse/define-command"
. 
. Defining command \printurls with sig. '' on line 395.
.................................................
.................................................
. LaTeX info: "xparse/define-command"
. 
. Defining command \orcidauthor with sig. 'mm' on line 408.
.................................................
.................................................
. LaTeX info: "xparse/define-command"
. 
. Defining command \printorcid with sig. '' on line 420.
.................................................
.................................................
. LaTeX info: "xparse/define-command"
. 
. Defining command \ContribRole with sig. 'm' on line 432.
.................................................
.................................................
. LaTeX info: "xparse/define-command"
. 
. Defining command \creditauthor with sig. 'mm' on line 438.
.................................................
.................................................
. LaTeX info: "xparse/define-command"
. 
. Defining command \printcredits with sig. '' on line 449.
.................................................
.................................................
. LaTeX info: "xparse/define-command"
. 
. Defining command \writemarks with sig. 'mm' on line 452.
.................................................
.................................................
. LaTeX info: "xparse/define-command"
. 
. Defining command \tnotemark with sig. 'O{}' on line 457.
.................................................
.................................................
. LaTeX info: "xparse/define-command"
. 
. Defining command \@tnoteref with sig. 'm' on line 476.
.................................................
\g_stm_tnote_int=\count280
.................................................
. LaTeX info: "xparse/define-command"
. 
. Defining command \tnotetext with sig. 'O{}m' on line 517.
.................................................
.................................................
. LaTeX info: "xparse/define-command"
. 
. Defining command \nonumnote with sig. 'm' on line 532.
.................................................
\g_stm_fnote_int=\count281
.................................................
. LaTeX info: "xparse/define-command"
. 
. Defining command \fntext with sig. 'O{}m' on line 561.
.................................................
\g_stm_cor_int=\count282
.................................................
. LaTeX info: "xparse/define-command"
. 
. Defining command \cortext with sig. 'O{}m' on line 604.
.................................................
.................................................
. LaTeX info: "xparse/define-command"
. 
. Defining command \process@marks with sig. '' on line 626.
.................................................
\g_stm_au_int=\count283
\g_stm_aau_int=\count284
.................................................
. LaTeX info: "xparse/define-command"
. 
. Defining command \ResetMarks with sig. '' on line 663.
.................................................
\l_autype_int=\count285
\l_stm_augroup_before_dim=\dimen172
\l_stm_augroup_after_dim=\dimen173
\l_stm_augroup_lskip_tl=\dimen174
\l_stm_augroup_rskip_tl=\dimen175
.................................................
. LaTeX info: "xparse/define-command"
. 
. Defining command \stmAuthorSetup with sig. 'm' on line 756.
.................................................
.................................................
. LaTeX info: "xparse/define-command"
. 
. Defining command \stmausetup with sig. 'm' on line 760.
.................................................
.................................................
. LaTeX info: "xparse/define-command"
. 
. Defining command \stmclbsetup with sig. 'm' on line 764.
.................................................
.................................................
. LaTeX info: "xparse/define-command"
. 
. Defining command \twitterauthor with sig. 'mm' on line 784.
.................................................
.................................................
. LaTeX info: "xparse/define-command"
. 
. Defining command \facebookauthor with sig. 'mm' on line 792.
.................................................
.................................................
. LaTeX info: "xparse/define-command"
. 
. Defining command \gplusauthor with sig. 'mm' on line 800.
.................................................
.................................................
. LaTeX info: "xparse/define-command"
. 
. Defining command \linkedinauthor with sig. 'mm' on line 809.
.................................................
.................................................
. LaTeX info: "xparse/define-command"
. 
. Defining command \printmaltese with sig. '' on line 814.
.................................................
.................................................
. LaTeX info: "xparse/define-command"
. 
. Defining command \printfacebook with sig. '' on line 828.
.................................................
.................................................
. LaTeX info: "xparse/define-command"
. 
. Defining command \printtwitter with sig. '' on line 842.
.................................................
.................................................
. LaTeX info: "xparse/define-command"
. 
. Defining command \printgplus with sig. '' on line 856.
.................................................
.................................................
. LaTeX info: "xparse/define-command"
. 
. Defining command \printlinkedin with sig. '' on line 870.
.................................................
.................................................
. LaTeX info: "xparse/redefine-command"
. 
. Redefining command \author with sig. 'O{}mO{}' on line 977.
.................................................
.................................................
. LaTeX info: "xparse/define-command"
. 
. Defining command \stmauthors with sig. '' on line 998.
.................................................
.................................................
. LaTeX info: "xparse/define-command"
. 
. Defining command \stmcollab with sig. '' on line 1023.
.................................................
.................................................
. LaTeX info: "xparse/define-command"
. 
. Defining command \dept with sig. 'm' on line 1032.
.................................................
.................................................
. LaTeX info: "xparse/define-command"
. 
. Defining command \divn with sig. 'm' on line 1033.
.................................................
.................................................
. LaTeX info: "xparse/define-command"
. 
. Defining command \aline with sig. 'm' on line 1034.
.................................................
.................................................
. LaTeX info: "xparse/define-command"
. 
. Defining command \city with sig. 'm' on line 1035.
.................................................
.................................................
. LaTeX info: "xparse/define-command"
. 
. Defining command \cnty with sig. 'm' on line 1036.
.................................................
.................................................
. LaTeX info: "xparse/define-command"
. 
. Defining command \phone with sig. 'm' on line 1037.
.................................................
.................................................
. LaTeX info: "xparse/define-command"
. 
. Defining command \fax with sig. 'm' on line 1038.
.................................................
.................................................
. LaTeX info: "xparse/define-command"
. 
. Defining command \aurl with sig. 'm' on line 1039.
.................................................
\g_stm_aff_int=\count286
.................................................
. LaTeX info: "xparse/define-command"
. 
. Defining command \stmAddrSetup with sig. 'm' on line 1060.
.................................................
.................................................
. LaTeX info: "xparse/define-command"
. 
. Defining command \printaddrinfoot with sig. '' on line 1081.
.................................................
.................................................
. LaTeX info: "xparse/define-command"
. 
. Defining command \address with sig. 'O{}mO{}' on line 1114.
.................................................
\l_stm_aff_before_dim=\dimen176
\l_stm_aff_after_dim=\dimen177
\l_stm_aff_lskip_dim=\dimen178
\l_stm_aff_rskip_dim=\dimen179
.................................................
. LaTeX info: "xparse/define-command"
. 
. Defining command \stmAffSetup with sig. 'm' on line 1170.
.................................................
.................................................
. LaTeX info: "xparse/define-command"
. 
. Defining command \stmaffsetup with sig. 'm' on line 1174.
.................................................
.................................................
. LaTeX info: "xparse/define-command"
. 
. Defining command \stmaddress with sig. '' on line 1203.
.................................................
\g_stm_augr_int=\count287
\g_stm_aaugr_int=\count288
.................................................
. LaTeX info: "xparse/define-environment"
. 
. Defining environment 'augroup' with sig. '' on line 1268.
.................................................
 (c:/texlive/2018/texmf-dist/tex/latex/moreverb/moreverb.sty
Package: moreverb 2008/06/03 v2.3a `more' verbatim facilities
 (c:/texlive/2018/texmf-dist/tex/latex/tools/verbatim.sty
Package: verbatim 2014/10/28 v1.5q LaTeX2e package for verbatim enhancements
\every@verbatim=\toks25
\verbatim@line=\toks26
\verbatim@in@stream=\read1
)
\tab@position=\count289
\tab@size=\count290
\listing@line=\count291
)
\g_stm_abs_box=\box45
.................................................
. LaTeX info: "xparse/define-environment"
. 
. Defining environment 'Abstract' with sig. 'o' on line 1302.
.................................................
.................................................
. LaTeX info: "xparse/define-environment"
. 
. Defining environment 'PrelimsAbstract' with sig. 'O{}' on line 1314.
.................................................
.................................................
. LaTeX info: "xparse/redefine-environment"
. 
. Redefining environment 'abstract' with sig. 'o' on line 1322.
.................................................
\casgrabsbox=\box46
\casauhlbox=\box47
.................................................
. LaTeX info: "xparse/define-environment"
. 
. Defining environment 'graphicalabstract' with sig. 'O{Graphical Abstract}'
. on line 1339.
.................................................
.................................................
. LaTeX info: "xparse/define-environment"
. 
. Defining environment 'highlights' with sig. 'O{Highlights}' on line 1353.
.................................................
.................................................
. LaTeX info: "xparse/define-command"
. 
. Defining command \dashrule with sig. 'O{.4pt}mm' on line 1362.
.................................................
.................................................
. LaTeX info: "xparse/define-command"
. 
. Defining command \keywordtitle with sig. '' on line 1364.
.................................................
.................................................
. LaTeX info: "xparse/define-command"
. 
. Defining command \keywordtitlesep with sig. '' on line 1365.
.................................................
\g_stm_key_box=\box48
.................................................
. LaTeX info: "xparse/define-command"
. 
. Defining command \MSC with sig. 'O{}m' on line 1371.
.................................................
.................................................
. LaTeX info: "xparse/define-command"
. 
. Defining command \JEL with sig. 'm' on line 1375.
.................................................
.................................................
. LaTeX info: "xparse/define-command"
. 
. Defining command \PACS with sig. 'm' on line 1379.
.................................................
.................................................
. LaTeX info: "xparse/define-environment"
. 
. Defining environment 'keywords' with sig. 'O{Keywords}' on line 1392.
.................................................
\g_stm_jtype_int=\count292
\g_stm_blind_int=\count293
.................................................
. LaTeX info: "xparse/define-command"
. 
. Defining command \printFirstPageNotes with sig. '' on line 1435.
.................................................
.................................................
. LaTeX info: "xparse/define-command"
. 
. Defining command \received with sig. 'm' on line 1451.
.................................................
.................................................
. LaTeX info: "xparse/define-command"
. 
. Defining command \accepted with sig. 'm' on line 1453.
.................................................
.................................................
. LaTeX info: "xparse/define-command"
. 
. Defining command \revised with sig. 'm' on line 1455.
.................................................
.................................................
. LaTeX info: "xparse/define-command"
. 
. Defining command \published with sig. 'O{}m' on line 1461.
.................................................
.................................................
. LaTeX info: "xparse/define-command"
. 
. Defining command \verso with sig. 'm' on line 1470.
.................................................
.................................................
. LaTeX info: "xparse/define-command"
. 
. Defining command \recto with sig. 'm' on line 1472.
.................................................
\c@au=\count294
\c@cnote=\count295
\c@tnote=\count296
\c@fnote=\count297
\c@aff=\count298
.................................................
. LaTeX info: "xparse/define-command"
. 
. Defining command \processbreakafter with sig. '' on line 1515.
.................................................
.................................................
. LaTeX info: "xparse/define-command"
. 
. Defining command \pprintMaketitle with sig. 'O{}' on line 1554.
.................................................
.................................................
. LaTeX info: "xparse/define-command"
. 
. Defining command \MaketitleBox with sig. '' on line 1584.
.................................................
\g_stm_notes_box=\box49
\g_stm_front_box=\box50
.................................................
. LaTeX info: "xparse/define-command"
. 
. Defining command \LongMaketitleBox with sig. '' on line 1621.
.................................................
.................................................
. LaTeX info: "xparse/define-command"
. 
. Defining command \ProcessLongTitleBox with sig. '' on line 1662.
.................................................
\paraindent=\dimen180
\subparaindent=\dimen181
\FullWidth=\dimen182
\l_tbl_width_dim=\dimen183
\l_tbl_abovecap_skip=\skip58
\l_tbl_belowcap_skip=\skip59
\l_tbl_abovetbl_skip=\skip60
\l_tbl_belowtbl_skip=\skip61
.................................................
. LaTeX info: "xparse/redefine-environment"
. 
. Redefining environment 'table' with sig. 'O{}' on line 1894.
.................................................
.................................................
. LaTeX info: "xparse/redefine-environment"
. 
. Redefining environment 'table*' with sig. 'O{width=\FullWidth }' on line
. 1913.
.................................................
\l_fig_width_dim=\dimen184
\l_fig_abovecap_skip=\skip62
\l_fig_belowcap_skip=\skip63
\l_fig_abovefig_skip=\skip64
\l_fig_belowfig_skip=\skip65
.................................................
. LaTeX info: "xparse/redefine-environment"
. 
. Redefining environment 'figure' with sig. 'O{}' on line 1970.
.................................................
.................................................
. LaTeX info: "xparse/redefine-environment"
. 
. Redefining environment 'figure*' with sig. 'O{width=\textwidth }' on line
. 1987.
.................................................
 (c:/texlive/2018/texmf-dist/tex/latex/wrapfig/wrapfig.sty
\wrapoverhang=\dimen185
\WF@size=\dimen186
\c@WF@wrappedlines=\count299
\WF@box=\box51
\WF@everypar=\toks27
Package: wrapfig 2003/01/31  v 3.6
)
\l_wrap_figwidth_dim=\dimen187
\l_wrap_fighspace_dim=\dimen188
\l_wrap_figvspace_dim=\dimen189
\l_wrap_fighcorr_dim=\dimen190
\l_wrap_figvcorr_dim=\dimen191
\l_above_bio_dim=\dimen192
\l_wrap_figlcorr_int=\count300
\l_wrap_figlines_int=\count301
.................................................
. LaTeX info: "xparse/define-command"
. 
. Defining command \wfigwidth with sig. 'm' on line 2005.
.................................................
.................................................
. LaTeX info: "xparse/define-command"
. 
. Defining command \wfighspace with sig. 'm' on line 2007.
.................................................
.................................................
. LaTeX info: "xparse/define-command"
. 
. Defining command \wfigvspace with sig. 'm' on line 2009.
.................................................
.................................................
. LaTeX info: "xparse/define-command"
. 
. Defining command \wfighcorr with sig. 'm' on line 2011.
.................................................
.................................................
. LaTeX info: "xparse/define-command"
. 
. Defining command \wfigvcorr with sig. 'm' on line 2013.
.................................................
.................................................
. LaTeX info: "xparse/define-command"
. 
. Defining command \addfiglines with sig. 'm' on line 2015.
.................................................
.................................................
. LaTeX info: "xparse/define-command"
. 
. Defining command \abovebioskip with sig. 'm' on line 2017.
.................................................
\l_bio_text_box=\box52
.................................................
. LaTeX info: "xparse/define-command"
. 
. Defining command \WrapFigure with sig. 'om' on line 2109.
.................................................
\c@ca_biography_ctr=\count302
.................................................
. LaTeX info: "xparse/define-command"
. 
. Defining command \bio with sig. 'O{}m' on line 2137.
.................................................
\l_ca_temp_inta=\count303
.................................................
. LaTeX info: "xparse/define-command"
. 
. Defining command \endbio with sig. '' on line 2156.
.................................................
.................................................
. LaTeX info: "xparse/define-environment"
. 
. Defining environment 'biography' with sig. 'om' on line 2168.
.................................................
\leftMargin=\dimen193
\@enLab=\toks28
\@sep=\skip66
\@@sep=\skip67
)
.................................................
. LaTeX info: "xparse/redefine-command"
. 
. Redefining command \maketitle with sig. '' on line 126.
.................................................
 (c:/texlive/2018/texmf-dist/tex/latex/base/fontenc.sty
Package: fontenc 2017/04/05 v2.0i Standard LaTeX package
 (c:/texlive/2018/texmf-dist/tex/latex/base/t1enc.def
File: t1enc.def 2017/04/05 v2.0i Standard LaTeX file
LaTeX Font Info:    Redeclaring font encoding T1 on input line 48.
))
\g__file_internal_ior=\read2
 (c:/texlive/2018/texmf-dist/tex/latex/stix/stix.sty
Package: stix 2015/04/17 v1.1.2-latex STIX fonts support package
 (c:/texlive/2018/texmf-dist/tex/latex/base/textcomp.sty
Package: textcomp 2017/04/05 v2.0i Standard LaTeX package
Package textcomp Info: Sub-encoding information:
(textcomp)               5 = only ISO-Adobe without \textcurrency
(textcomp)               4 = 5 + \texteuro
(textcomp)               3 = 4 + \textohm
(textcomp)               2 = 3 + \textestimated + \textcurrency
(textcomp)               1 = TS1 - \textcircled - \t
(textcomp)               0 = TS1 (full)
(textcomp)             Font families with sub-encoding setting implement
(textcomp)             only a restricted character set as indicated.
(textcomp)             Family '?' is the default used for unknown fonts.
(textcomp)             See the documentation for details.
Package textcomp Info: Setting ? sub-encoding to TS1/1 on input line 79.
Package textcomp Info: Changing ? sub-encoding to TS1/0 on input line 80.
 (c:/texlive/2018/texmf-dist/tex/latex/base/ts1enc.def
File: ts1enc.def 2001/06/05 v3.0e (jk/car/fm) Standard LaTeX file
Now handling font encoding TS1 ...
... processing UTF-8 mapping file for font encoding TS1
 (c:/texlive/2018/texmf-dist/tex/latex/base/ts1enc.dfu
File: ts1enc.dfu 2018/04/05 v1.2c UTF-8 support for inputenc
   defining Unicode char U+00A2 (decimal 162)
   defining Unicode char U+00A3 (decimal 163)
   defining Unicode char U+00A4 (decimal 164)
   defining Unicode char U+00A5 (decimal 165)
   defining Unicode char U+00A6 (decimal 166)
   defining Unicode char U+00A7 (decimal 167)
   defining Unicode char U+00A8 (decimal 168)
   defining Unicode char U+00A9 (decimal 169)
   defining Unicode char U+00AA (decimal 170)
   defining Unicode char U+00AC (decimal 172)
   defining Unicode char U+00AE (decimal 174)
   defining Unicode char U+00AF (decimal 175)
   defining Unicode char U+00B0 (decimal 176)
   defining Unicode char U+00B1 (decimal 177)
   defining Unicode char U+00B2 (decimal 178)
   defining Unicode char U+00B3 (decimal 179)
   defining Unicode char U+00B4 (decimal 180)
   defining Unicode char U+00B5 (decimal 181)
   defining Unicode char U+00B6 (decimal 182)
   defining Unicode char U+00B7 (decimal 183)
   defining Unicode char U+00B9 (decimal 185)
   defining Unicode char U+00BA (decimal 186)
   defining Unicode char U+00BC (decimal 188)
   defining Unicode char U+00BD (decimal 189)
   defining Unicode char U+00BE (decimal 190)
   defining Unicode char U+00D7 (decimal 215)
   defining Unicode char U+00F7 (decimal 247)
   defining Unicode char U+0192 (decimal 402)
   defining Unicode char U+02C7 (decimal 711)
   defining Unicode char U+02D8 (decimal 728)
   defining Unicode char U+02DD (decimal 733)
   defining Unicode char U+0E3F (decimal 3647)
   defining Unicode char U+2016 (decimal 8214)
   defining Unicode char U+2020 (decimal 8224)
   defining Unicode char U+2021 (decimal 8225)
   defining Unicode char U+2022 (decimal 8226)
   defining Unicode char U+2030 (decimal 8240)
   defining Unicode char U+2031 (decimal 8241)
   defining Unicode char U+203B (decimal 8251)
   defining Unicode char U+203D (decimal 8253)
   defining Unicode char U+2044 (decimal 8260)
   defining Unicode char U+204E (decimal 8270)
   defining Unicode char U+2052 (decimal 8274)
   defining Unicode char U+20A1 (decimal 8353)
   defining Unicode char U+20A4 (decimal 8356)
   defining Unicode char U+20A6 (decimal 8358)
   defining Unicode char U+20A9 (decimal 8361)
   defining Unicode char U+20AB (decimal 8363)
   defining Unicode char U+20AC (decimal 8364)
   defining Unicode char U+20B1 (decimal 8369)
   defining Unicode char U+2103 (decimal 8451)
   defining Unicode char U+2116 (decimal 8470)
   defining Unicode char U+2117 (decimal 8471)
   defining Unicode char U+211E (decimal 8478)
   defining Unicode char U+2120 (decimal 8480)
   defining Unicode char U+2122 (decimal 8482)
   defining Unicode char U+2126 (decimal 8486)
   defining Unicode char U+2127 (decimal 8487)
   defining Unicode char U+212E (decimal 8494)
   defining Unicode char U+2190 (decimal 8592)
   defining Unicode char U+2191 (decimal 8593)
   defining Unicode char U+2192 (decimal 8594)
   defining Unicode char U+2193 (decimal 8595)
   defining Unicode char U+2329 (decimal 9001)
   defining Unicode char U+232A (decimal 9002)
   defining Unicode char U+2422 (decimal 9250)
   defining Unicode char U+25E6 (decimal 9702)
   defining Unicode char U+25EF (decimal 9711)
   defining Unicode char U+266A (decimal 9834)
   defining Unicode char U+FEFF (decimal 65279)
))
LaTeX Info: Redefining \oldstylenums on input line 334.
Package textcomp Info: Setting cmr sub-encoding to TS1/0 on input line 349.
Package textcomp Info: Setting cmss sub-encoding to TS1/0 on input line 350.
Package textcomp Info: Setting cmtt sub-encoding to TS1/0 on input line 351.
Package textcomp Info: Setting cmvtt sub-encoding to TS1/0 on input line 352.
Package textcomp Info: Setting cmbr sub-encoding to TS1/0 on input line 353.
Package textcomp Info: Setting cmtl sub-encoding to TS1/0 on input line 354.
Package textcomp Info: Setting ccr sub-encoding to TS1/0 on input line 355.
Package textcomp Info: Setting ptm sub-encoding to TS1/4 on input line 356.
Package textcomp Info: Setting pcr sub-encoding to TS1/4 on input line 357.
Package textcomp Info: Setting phv sub-encoding to TS1/4 on input line 358.
Package textcomp Info: Setting ppl sub-encoding to TS1/3 on input line 359.
Package textcomp Info: Setting pag sub-encoding to TS1/4 on input line 360.
Package textcomp Info: Setting pbk sub-encoding to TS1/4 on input line 361.
Package textcomp Info: Setting pnc sub-encoding to TS1/4 on input line 362.
Package textcomp Info: Setting pzc sub-encoding to TS1/4 on input line 363.
Package textcomp Info: Setting bch sub-encoding to TS1/4 on input line 364.
Package textcomp Info: Setting put sub-encoding to TS1/5 on input line 365.
Package textcomp Info: Setting uag sub-encoding to TS1/5 on input line 366.
Package textcomp Info: Setting ugq sub-encoding to TS1/5 on input line 367.
Package textcomp Info: Setting ul8 sub-encoding to TS1/4 on input line 368.
Package textcomp Info: Setting ul9 sub-encoding to TS1/4 on input line 369.
Package textcomp Info: Setting augie sub-encoding to TS1/5 on input line 370.
Package textcomp Info: Setting dayrom sub-encoding to TS1/3 on input line 371.
Package textcomp Info: Setting dayroms sub-encoding to TS1/3 on input line 372.
Package textcomp Info: Setting pxr sub-encoding to TS1/0 on input line 373.
Package textcomp Info: Setting pxss sub-encoding to TS1/0 on input line 374.
Package textcomp Info: Setting pxtt sub-encoding to TS1/0 on input line 375.
Package textcomp Info: Setting txr sub-encoding to TS1/0 on input line 376.
Package textcomp Info: Setting txss sub-encoding to TS1/0 on input line 377.
Package textcomp Info: Setting txtt sub-encoding to TS1/0 on input line 378.
Package textcomp Info: Setting lmr sub-encoding to TS1/0 on input line 379.
Package textcomp Info: Setting lmdh sub-encoding to TS1/0 on input line 380.
Package textcomp Info: Setting lmss sub-encoding to TS1/0 on input line 381.
Package textcomp Info: Setting lmssq sub-encoding to TS1/0 on input line 382.
Package textcomp Info: Setting lmvtt sub-encoding to TS1/0 on input line 383.
Package textcomp Info: Setting lmtt sub-encoding to TS1/0 on input line 384.
Package textcomp Info: Setting qhv sub-encoding to TS1/0 on input line 385.
Package textcomp Info: Setting qag sub-encoding to TS1/0 on input line 386.
Package textcomp Info: Setting qbk sub-encoding to TS1/0 on input line 387.
Package textcomp Info: Setting qcr sub-encoding to TS1/0 on input line 388.
Package textcomp Info: Setting qcs sub-encoding to TS1/0 on input line 389.
Package textcomp Info: Setting qpl sub-encoding to TS1/0 on input line 390.
Package textcomp Info: Setting qtm sub-encoding to TS1/0 on input line 391.
Package textcomp Info: Setting qzc sub-encoding to TS1/0 on input line 392.
Package textcomp Info: Setting qhvc sub-encoding to TS1/0 on input line 393.
Package textcomp Info: Setting futs sub-encoding to TS1/4 on input line 394.
Package textcomp Info: Setting futx sub-encoding to TS1/4 on input line 395.
Package textcomp Info: Setting futj sub-encoding to TS1/4 on input line 396.
Package textcomp Info: Setting hlh sub-encoding to TS1/3 on input line 397.
Package textcomp Info: Setting hls sub-encoding to TS1/3 on input line 398.
Package textcomp Info: Setting hlst sub-encoding to TS1/3 on input line 399.
Package textcomp Info: Setting hlct sub-encoding to TS1/5 on input line 400.
Package textcomp Info: Setting hlx sub-encoding to TS1/5 on input line 401.
Package textcomp Info: Setting hlce sub-encoding to TS1/5 on input line 402.
Package textcomp Info: Setting hlcn sub-encoding to TS1/5 on input line 403.
Package textcomp Info: Setting hlcw sub-encoding to TS1/5 on input line 404.
Package textcomp Info: Setting hlcf sub-encoding to TS1/5 on input line 405.
Package textcomp Info: Setting pplx sub-encoding to TS1/3 on input line 406.
Package textcomp Info: Setting pplj sub-encoding to TS1/3 on input line 407.
Package textcomp Info: Setting ptmx sub-encoding to TS1/4 on input line 408.
Package textcomp Info: Setting ptmj sub-encoding to TS1/4 on input line 409.
)
Now handling font encoding LS1 ...
... no UTF-8 mapping file for font encoding LS1
Now handling font encoding LS2 ...
... no UTF-8 mapping file for font encoding LS2
LaTeX Font Info:    Redeclaring symbol font `letters' on input line 76.
LaTeX Font Info:    Encoding `OML' has changed to `LS1' for symbol font
(Font)              `letters' in the math version `normal' on input line 76.
LaTeX Font Info:    Overwriting symbol font `letters' in version `normal'
(Font)                  OML/cmm/m/it --> LS1/stix/m/it on input line 76.
LaTeX Font Info:    Encoding `OML' has changed to `LS1' for symbol font
(Font)              `letters' in the math version `bold' on input line 76.
LaTeX Font Info:    Overwriting symbol font `letters' in version `bold'
(Font)                  OML/cmm/b/it --> LS1/stix/m/it on input line 76.
LaTeX Font Info:    Redeclaring symbol font `operators' on input line 77.
LaTeX Font Info:    Encoding `OT1' has changed to `LS1' for symbol font
(Font)              `operators' in the math version `normal' on input line 77.
LaTeX Font Info:    Overwriting symbol font `operators' in version `normal'
(Font)                  OT1/cmr/m/n --> LS1/stix/m/n on input line 77.
LaTeX Font Info:    Encoding `OT1' has changed to `LS1' for symbol font
(Font)              `operators' in the math version `bold' on input line 77.
LaTeX Font Info:    Overwriting symbol font `operators' in version `bold'
(Font)                  OT1/cmr/bx/n --> LS1/stix/m/n on input line 77.
\symbold-operators=\mathgroup6
LaTeX Font Info:    Redeclaring symbol font `symbols' on input line 79.
LaTeX Font Info:    Encoding `OMS' has changed to `LS1' for symbol font
(Font)              `symbols' in the math version `normal' on input line 79.
LaTeX Font Info:    Overwriting symbol font `symbols' in version `normal'
(Font)                  OMS/cmsy/m/n --> LS1/stixscr/m/n on input line 79.
LaTeX Font Info:    Encoding `OMS' has changed to `LS1' for symbol font
(Font)              `symbols' in the math version `bold' on input line 79.
LaTeX Font Info:    Overwriting symbol font `symbols' in version `bold'
(Font)                  OMS/cmsy/b/n --> LS1/stixscr/m/n on input line 79.
\symsymbols2=\mathgroup7
\symsymbols3=\mathgroup8
\symsymbols4=\mathgroup9
\symintegrals=\mathgroup10
LaTeX Font Info:    Redeclaring symbol font `largesymbols' on input line 84.
LaTeX Font Info:    Encoding `OMX' has changed to `LS2' for symbol font
(Font)              `largesymbols' in the math version `normal' on input line 84.
LaTeX Font Info:    Overwriting symbol font `largesymbols' in version `normal'
(Font)                  OMX/cmex/m/n --> LS2/stixex/m/n on input line 84.
LaTeX Font Info:    Encoding `OMX' has changed to `LS2' for symbol font
(Font)              `largesymbols' in the math version `bold' on input line 84.
LaTeX Font Info:    Overwriting symbol font `largesymbols' in version `bold'
(Font)                  OMX/cmex/m/n --> LS2/stixex/m/n on input line 84.
\symarrows1=\mathgroup11
\symarrows2=\mathgroup12
\symarrows3=\mathgroup13
LaTeX Font Info:    Overwriting symbol font `letters' in version `bold'
(Font)                  LS1/stix/m/it --> LS1/stix/b/it on input line 88.
LaTeX Font Info:    Overwriting symbol font `operators' in version `bold'
(Font)                  LS1/stix/m/n --> LS1/stix/b/n on input line 89.
LaTeX Font Info:    Overwriting symbol font `symbols' in version `bold'
(Font)                  LS1/stixscr/m/n --> LS1/stixscr/b/n on input line 90.
LaTeX Font Info:    Overwriting symbol font `symbols2' in version `bold'
(Font)                  LS1/stixfrak/m/n --> LS1/stixfrak/b/n on input line 91.
LaTeX Font Info:    Overwriting symbol font `symbols3' in version `bold'
(Font)                  LS1/stixbb/m/n --> LS1/stixbb/b/n on input line 92.
LaTeX Font Info:    Overwriting symbol font `symbols4' in version `bold'
(Font)                  LS1/stixbb/m/it --> LS1/stixbb/b/it on input line 93.
LaTeX Font Info:    Overwriting symbol font `integrals' in version `bold'
(Font)                  LS2/stixcal/m/n --> LS2/stixcal/b/n on input line 94.
LaTeX Font Info:    Overwriting symbol font `largesymbols' in version `bold'
(Font)                  LS2/stixex/m/n --> LS2/stixex/b/n on input line 95.
LaTeX Font Info:    Overwriting symbol font `arrows1' in version `bold'
(Font)                  LS1/stixsf/m/n --> LS1/stixsf/b/n on input line 96.
LaTeX Font Info:    Overwriting symbol font `arrows2' in version `bold'
(Font)                  LS1/stixsf/m/it --> LS1/stixsf/b/it on input line 97.
LaTeX Font Info:    Overwriting symbol font `arrows3' in version `bold'
(Font)                  LS2/stixtt/m/n --> LS2/stixtt/b/n on input line 98.
LaTeX Font Info:    Redeclaring math alphabet \mathit on input line 99.
LaTeX Font Info:    Redeclaring math alphabet \mathfrak on input line 102.
LaTeX Font Info:    Redeclaring math alphabet \mathsf on input line 106.
LaTeX Font Info:    Redeclaring math alphabet \mathtt on input line 108.
LaTeX Font Info:    Redeclaring math alphabet \mathbf on input line 109.
LaTeX Info: Redefining \yen on input line 456.
LaTeX Info: Redefining \circledR on input line 458.
LaTeX Info: Redefining \checkmark on input line 460.
LaTeX Info: Redefining \maltese on input line 461.
LaTeX Info: Redefining \vdots on input line 1518.
LaTeX Info: Redefining \cdots on input line 1522.
LaTeX Info: Redefining \not on input line 2144.
) (c:/texlive/2018/texmf-dist/tex/latex/inconsolata/inconsolata.sty
Package: inconsolata 2017/01/04 v1.112
 `inconsolata-zi4' v1.112, 2017/01/04 Text macros for Inconsolata (msharpe) (c:/texlive/2018/texmf-dist/tex/latex/xkeyval/xkeyval.sty
Package: xkeyval 2014/12/03 v2.7a package option processing (HA)
 (c:/texlive/2018/texmf-dist/tex/generic/xkeyval/xkeyval.tex (c:/texlive/2018/texmf-dist/tex/generic/xkeyval/xkvutils.tex
\XKV@toks=\toks29
\XKV@tempa@toks=\toks30
)
\XKV@depth=\count304
File: xkeyval.tex 2014/12/03 v2.7a key=value parser (HA)
))
\zifour@ocount=\count305
) (c:/texlive/2018/texmf-dist/tex/latex/geometry/geometry.sty
Package: geometry 2018/03/24 v5.7 Page Geometry
\Gm@cnth=\count306
\Gm@cntv=\count307
\c@Gm@tempcnt=\count308
\Gm@bindingoffset=\dimen194
\Gm@wd@mp=\dimen195
\Gm@odd@mp=\dimen196
\Gm@even@mp=\dimen197
\Gm@layoutwidth=\dimen198
\Gm@layoutheight=\dimen199
\Gm@layouthoffset=\dimen256
\Gm@layoutvoffset=\dimen257
\Gm@dimlist=\toks31
)) (c:/texlive/2018/texmf-dist/tex/latex/natbib/natbib.sty
Package: natbib 2010/09/13 8.31b (PWD, AO)
\bibhang=\skip68
\bibsep=\skip69
LaTeX Info: Redefining \cite on input line 694.
\c@NAT@ctr=\count309
) (./cas-dc-template.aux)
\openout1 = `cas-dc-template.aux'.

LaTeX Font Info:    Checking defaults for OML/cmm/m/it on input line 37.
LaTeX Font Info:    ... okay on input line 37.
LaTeX Font Info:    Checking defaults for T1/cmr/m/n on input line 37.
LaTeX Font Info:    ... okay on input line 37.
LaTeX Font Info:    Checking defaults for OT1/cmr/m/n on input line 37.
LaTeX Font Info:    ... okay on input line 37.
LaTeX Font Info:    Checking defaults for OMS/cmsy/m/n on input line 37.
LaTeX Font Info:    ... okay on input line 37.
LaTeX Font Info:    Checking defaults for OMX/cmex/m/n on input line 37.
LaTeX Font Info:    ... okay on input line 37.
LaTeX Font Info:    Checking defaults for U/cmr/m/n on input line 37.
LaTeX Font Info:    ... okay on input line 37.
LaTeX Font Info:    Checking defaults for PD1/pdf/m/n on input line 37.
LaTeX Font Info:    ... okay on input line 37.
LaTeX Font Info:    Checking defaults for TS1/cmr/m/n on input line 37.
LaTeX Font Info:    Try loading font information for TS1+cmr on input line 37.
 (c:/texlive/2018/texmf-dist/tex/latex/base/ts1cmr.fd
File: ts1cmr.fd 2014/09/29 v2.5h Standard LaTeX font definitions
)
LaTeX Font Info:    ... okay on input line 37.
LaTeX Font Info:    Checking defaults for LS1/stix/m/n on input line 37.
LaTeX Font Info:    Try loading font information for LS1+stix on input line 37.
 (c:/texlive/2018/texmf-dist/tex/latex/stix/ls1stix.fd
File: ls1stix.fd 2015/04/17 v1.1.2-latex STIX LS1 font definitions
)
LaTeX Font Info:    ... okay on input line 37.
LaTeX Font Info:    Checking defaults for LS2/stix/m/n on input line 37.
LaTeX Font Info:    Try loading font information for LS2+stix on input line 37.
 (c:/texlive/2018/texmf-dist/tex/latex/stix/ls2stix.fd
File: ls2stix.fd 2015/04/17 v1.1.2-latex STIX LS2 font definitions
)
LaTeX Font Info:    ... okay on input line 37.
LaTeX Font Info:    Try loading font information for T1+stix on input line 37.
 (c:/texlive/2018/texmf-dist/tex/latex/stix/t1stix.fd
File: t1stix.fd 2015/04/17 v1.1.2-latex STIX T1 font definitions
) (c:/texlive/2018/texmf-dist/tex/context/base/mkii/supp-pdf.mkii
[Loading MPS to PDF converter (version 2006.09.02).]
\scratchcounter=\count310
\scratchdimen=\dimen258
\scratchbox=\box53
\nofMPsegments=\count311
\nofMParguments=\count312
\everyMPshowfont=\toks32
\MPscratchCnt=\count313
\MPscratchDim=\dimen259
\MPnumerator=\count314
\makeMPintoPDFobject=\count315
\everyMPtoPDFconversion=\toks33
) (c:/texlive/2018/texmf-dist/tex/latex/oberdiek/epstopdf-base.sty
Package: epstopdf-base 2016/05/15 v2.6 Base part for package epstopdf
 (c:/texlive/2018/texmf-dist/tex/latex/oberdiek/grfext.sty
Package: grfext 2016/05/16 v1.2 Manage graphics extensions (HO)
)
Package epstopdf-base Info: Redefining graphics rule for `.eps' on input line 438.
Package grfext Info: Graphics extension search list:
(grfext)             [.pdf,.png,.jpg,.mps,.jpeg,.jbig2,.jb2,.PDF,.PNG,.JPG,.JPEG,.JBIG2,.JB2,.eps]
(grfext)             \AppendGraphicsExtensions on input line 456.
 (c:/texlive/2018/texmf-dist/tex/latex/latexconfig/epstopdf-sys.cfg
File: epstopdf-sys.cfg 2010/07/13 v1.3 Configuration of (r)epstopdf for TeX Live
))
\AtBeginShipoutBox=\box54
Package hyperref Info: Link coloring ON on input line 37.
 (c:/texlive/2018/texmf-dist/tex/latex/hyperref/nameref.sty
Package: nameref 2016/05/21 v2.44 Cross-referencing by name of section
 (c:/texlive/2018/texmf-dist/tex/generic/oberdiek/gettitlestring.sty
Package: gettitlestring 2016/05/16 v1.5 Cleanup title references (HO)
)
\c@section@level=\count316
)
LaTeX Info: Redefining \ref on input line 37.
LaTeX Info: Redefining \pageref on input line 37.
LaTeX Info: Redefining \nameref on input line 37.
 (./cas-dc-template.out) (./cas-dc-template.out)
\@outlinefile=\write4
\openout4 = `cas-dc-template.out'.

 (c:/texlive/2018/texmf-dist/tex/latex/upquote/upquote.sty
Package: upquote 2012/04/19 v1.3 upright-quote and grave-accent glyphs in verbatim
)
*geometry* driver: auto-detecting
*geometry* detected driver: pdftex
*geometry* verbose mode - [ preamble ] result:
* driver: pdftex
* paper: custom
* layout: <same size as paper>
* layoutoffset:(h,v)=(0.0pt,0.0pt)
* modes: 
* h-part:(L,W,R)=(51.4995pt, 494.50888pt, 51.4995pt)
* v-part:(T,H,B)=(55.48286pt, 689.4103pt, 51.784pt)
* \paperwidth=597.50787pt
* \paperheight=796.67715pt
* \textwidth=494.50888pt
* \textheight=689.4103pt
* \oddsidemargin=-20.7705pt
* \evensidemargin=-20.7705pt
* \topmargin=-40.78712pt
* \headheight=12.0pt
* \headsep=12.0pt
* \topskip=10.0pt
* \footskip=12.0pt
* \marginparwidth=57.0pt
* \marginparsep=11.0pt
* \columnsep=18.0pt
* \skip\footins=9.0pt plus 4.0pt minus 2.0pt
* \hoffset=0.0pt
* \voffset=0.0pt
* \mag=1000
* \@twocolumnfalse
* \@twosidefalse
* \@mparswitchfalse
* \@reversemarginfalse
* (1in=72.27pt=25.4mm, 1cm=28.453pt)


Package hyperref Warning: Token not allowed in a PDF string (PDFDocEncoding):
(hyperref)                removing `math shift' on input line 44.


Package hyperref Warning: Token not allowed in a PDF string (PDFDocEncoding):
(hyperref)                removing `subscript' on input line 44.


Package hyperref Warning: Token not allowed in a PDF string (PDFDocEncoding):
(hyperref)                removing `math shift' on input line 44.

*************************************************
* [TNOTE: Number]
*************************************************
*************************************************
* [TNOTE: Number]
*************************************************
*************************************************
* [COR: alpha]
*************************************************
*************************************************
* [COR: alpha]
*************************************************
*************************************************
* [FN: alpha]
*************************************************
*************************************************
* [FN: alpha]
*************************************************
\verbatim@out=\write5
\openout5 = `cas-dc-template.abs'.

LaTeX Font Info:    Font shape `T1/stix/bx/n' in size <12> not available
(Font)              Font shape `T1/stix/b/n' tried instead on input line 121.
LaTeX Font Info:    Try loading font information for LS1+stixscr on input line 121.
(c:/texlive/2018/texmf-dist/tex/latex/stix/ls1stixscr.fd
File: ls1stixscr.fd 2015/04/17 v1.1.2-latex STIX script LS1 font definitions
)
LaTeX Font Info:    Try loading font information for LS2+stixex on input line 121.
 (c:/texlive/2018/texmf-dist/tex/latex/stix/ls2stixex.fd
File: ls2stixex.fd 2015/04/17 v1.1.2-latex STIX extentions LS2 font definitions
)
LaTeX Font Info:    Try loading font information for U+msa on input line 121.
 (c:/texlive/2018/texmf-dist/tex/latex/amsfonts/umsa.fd
File: umsa.fd 2013/01/14 v3.01 AMS symbols A
)
LaTeX Font Info:    Try loading font information for U+msb on input line 121.
 (c:/texlive/2018/texmf-dist/tex/latex/amsfonts/umsb.fd
File: umsb.fd 2013/01/14 v3.01 AMS symbols B
)
LaTeX Font Info:    Try loading font information for LS1+stixfrak on input line 121.
 (c:/texlive/2018/texmf-dist/tex/latex/stix/ls1stixfrak.fd
File: ls1stixfrak.fd 2015/04/17 v1.1.2-latex STIX fraktur LS1 font definitions
)
LaTeX Font Info:    Try loading font information for LS1+stixbb on input line 121.
 (c:/texlive/2018/texmf-dist/tex/latex/stix/ls1stixbb.fd
File: ls1stixbb.fd 2015/04/17 v1.1.2-latex STIX blackboard LS1 font definitions
)
LaTeX Font Info:    Try loading font information for LS2+stixcal on input line 121.
 (c:/texlive/2018/texmf-dist/tex/latex/stix/ls2stixcal.fd
File: ls2stixcal.fd 2015/04/17 v1.1.2-latex STIX calligraphic LS2 font definitions
)
LaTeX Font Info:    Try loading font information for LS1+stixsf on input line 121.
 (c:/texlive/2018/texmf-dist/tex/latex/stix/ls1stixsf.fd
File: ls1stixsf.fd 2015/04/17 v1.1.2-latex STIX sans-serif LS1 font definitions
)
LaTeX Font Info:    Try loading font information for LS2+stixtt on input line 121.
 (c:/texlive/2018/texmf-dist/tex/latex/stix/ls2stixtt.fd
File: ls2stixtt.fd 2015/04/17 v1.1.2-latex STIX typewriter LS2 font definitions
)
<figs/grabs.pdf, id=4, 142.26349pt x 85.3579pt>
File: figs/grabs.pdf Graphic file (type pdf)
<use figs/grabs.pdf>
Package pdftex.def Info: figs/grabs.pdf  used on input line 122.
(pdftex.def)             Requested size: 142.26312pt x 85.35768pt.
LaTeX Font Info:    Try loading font information for TS1+stix on input line 126.
 (c:/texlive/2018/texmf-dist/tex/latex/stix/ts1stix.fd
File: ts1stix.fd 2015/04/17 v1.1.2-latex STIX TS1 font definitions
) [0

{c:/texlive/2018/texmf-var/fonts/map/pdftex/updmap/pdftex.map} <./figs/grabs.pdf>]pdfTeX warning (ext4): destination with the same identifier (name{page.0}) has been already used, duplicate ignored
<to be read again> 
                   \relax 
l.136 \maketitle
                 [0]
Overfull \hbox (123.62721pt too wide) detected at line 136
[]
 []

(./cas-dc-template.abs
LaTeX Font Info:    Try loading font information for T1+zi4 on input line 3.
 (c:/texlive/2018/texmf-dist/tex/latex/inconsolata/t1zi4.fd
File: t1zi4.fd 2018/01/14 T1/zi4 (Inconsolata)
)
LaTeX Font Info:    Font shape `T1/zi4/m/n' will be
(Font)              scaled to size 6.80005pt on input line 3.
)

Package hyperref Warning: Ignoring empty anchor on input line 136.


Package hyperref Warning: Ignoring empty anchor on input line 136.


Package hyperref Warning: Ignoring empty anchor on input line 136.


Package hyperref Warning: Ignoring empty anchor on input line 136.


Package hyperref Warning: Ignoring empty anchor on input line 136.


Package hyperref Warning: Ignoring empty anchor on input line 136.

<thumbnails/cas-email.jpeg, id=23, 225.84375pt x 225.84375pt>
File: thumbnails/cas-email.jpeg Graphic file (type jpg)
<use thumbnails/cas-email.jpeg>
Package pdftex.def Info: thumbnails/cas-email.jpeg  used on input line 136.
(pdftex.def)             Requested size: 7.99838pt x 8.0pt.

Package hyperref Warning: Ignoring empty anchor on input line 136.

<thumbnails/cas-url.jpeg, id=24, 225.84375pt x 225.84375pt>
File: thumbnails/cas-url.jpeg Graphic file (type jpg)
<use thumbnails/cas-url.jpeg>
Package pdftex.def Info: thumbnails/cas-url.jpeg  used on input line 136.
(pdftex.def)             Requested size: 7.99838pt x 8.0pt.

Package hyperref Warning: Ignoring empty anchor on input line 136.


Package hyperref Warning: Ignoring empty anchor on input line 136.


Package hyperref Warning: Ignoring empty anchor on input line 136.


Overfull \hbox (5.5355pt too wide) in paragraph at lines 148--150
[]\T1/stix/m/n/10 This class de-pends on the fol-low-ing pack-ages for its proper
 []

LaTeX Font Info:    Font shape `T1/zi4/m/n' will be
(Font)              scaled to size 8.50006pt on input line 169.

Underfull \hbox (badness 10000) in paragraph at lines 168--177
\T1/stix/m/n/10 be moved or copied to a place, usu-ally,
 []


Overfull \hbox (4.62985pt too wide) in paragraph at lines 168--177
\T1/stix/m/n/10 by L[]T[]X dur-ing doc-u-ment com-pi-la-tion. The T[]X file database
 []


Overfull \hbox (2.50551pt too wide) in paragraph at lines 191--196
\T1/stix/m/n/10 gen-er-ate your bib-li-og-ra-phy and in-clude DOIs when-ever avail-
 []


Underfull \hbox (badness 10000) in paragraph at lines 203--212
[]\T1/stix/m/n/10 Figures may be in-cluded us-ing the com-mand,
 []

LaTeX Font Info:    Try loading font information for T1+cmss on input line 212.
(c:/texlive/2018/texmf-dist/tex/latex/base/t1cmss.fd
File: t1cmss.fd 2014/09/29 v2.5h Standard LaTeX font definitions
) [1

 <./thumbnails/cas-email.jpeg> <./thumbnails/cas-url.jpeg>]
<figs/Fig1.pdf, id=57, 218.8175pt x 218.8175pt>
File: figs/Fig1.pdf Graphic file (type pdf)
<use figs/Fig1.pdf>
Package pdftex.def Info: figs/Fig1.pdf  used on input line 215.
(pdftex.def)             Requested size: 164.11272pt x 164.11272pt.


LaTeX Font Warning: Font shape `T1/cmss/m/sc' in size <9> not available
(Font)              Font shape `T1/cmr/m/sc' tried instead on input line 220.

\c@theorem=\count317
LaTeX Font Info:    Font shape `T1/stix/bx/n' in size <10> not available
(Font)              Font shape `T1/stix/b/n' tried instead on input line 285.

Overfull \hbox (5.35553pt too wide) in paragraph at lines 292--297
[]\T1/stix/m/n/10 com-mands au-to-mat-i-cally de-fine coun-ters for the en-vi-ron-ments
 []


Overfull \hbox (1.88582pt too wide) in paragraph at lines 298--300
[]\T1/stix/m/n/10 The [][]\T1/zi4/m/n/10 \newproof []\T1/stix/m/n/10 com-mand de-fines proof en-vi-ron-ments with
 []

LaTeX Font Info:    Try loading font information for TS1+zi4 on input line 312.
(c:/texlive/2018/texmf-dist/tex/latex/inconsolata/ts1zi4.fd
File: ts1zi4.fd 2018/01/14 TS1/zi4 (Inconsolata)
)
LaTeX Font Info:    Font shape `TS1/zi4/m/n' will be
(Font)              scaled to size 8.50006pt on input line 312.

Overfull \hbox (18.46889pt too wide) in paragraph at lines 336--348
\T1/stix/m/n/10 per-linked. Hy-per-links are gen-er-ated from proper cross-references
 []


Overfull \hbox (20.16263pt too wide) in paragraph at lines 336--348
\T1/stix/m/n/10 turn into a hy-per-link; the proper cross-reference is [][]\T1/zi4/m/n/10 \cite{Knuth96}[]\T1/stix/m/n/10 .
 []

[2 <./figs/Fig1.pdf>]
Overfull \hbox (15.09563pt too wide) in paragraph at lines 351--358
[]\T1/stix/m/n/10 Two bib-li-o-graphic style files ([][]\T1/zi4/m/n/10 *.bst[]\T1/stix/m/n/10 ) are pro-vided --- model1-
 []


Overfull \hbox (3.4291pt too wide) in paragraph at lines 351--358
[][]\T1/zi4/m/n/10 \citealt []\T1/stix/m/n/10 etc. How-ever when you use model1-num-names.bst,
 []


Underfull \hbox (badness 2538) in paragraph at lines 359--362
[][][]\T1/zi4/m/n/10 thebibliography []\T1/stix/m/n/10 en-vi-ron-ment. Each ref-er-ence is a
 []


LaTeX Warning: The counter will not be printed.
             The label is: \textbullet  on input line 370.


Underfull \hbox (badness 10000) in paragraph at lines 373--376
[]\T1/stix/m/n/10 An af-fix and part of a ref-er-ence:
 []


Overfull \hbox (6.35909pt too wide) in paragraph at lines 378--388
\T1/stix/m/n/10 bered scheme. nat-bib pack-age is loaded by cas-dc with [][]\T1/zi4/m/n/10 numbers
 []


Overfull \hbox (6.27502pt too wide) in paragraph at lines 397--398
\T1/stix/m/n/10 Method-ol-ogy, Soft-ware. \T1/stix/b/n/10 CV Ra-jagopal: \T1/stix/m/n/10 Data cu-ra-tion, Writ-
 []

(./cas-dc-template.bbl)
<figs/pic1.pdf, id=75, 218.8175pt x 218.8175pt>
File: figs/pic1.pdf Graphic file (type pdf)
<use figs/pic1.pdf>
Package pdftex.def Info: figs/pic1.pdf  used on input line 422.
(pdftex.def)             Requested size: 72.55452pt x 72.5539pt.

... wr-fig: [BL: 10.0pt] ...
... wr-fig: [LINE-FP: 7.755389404296875] ...
... wr-fig: [LINE-INT: 8] ...
File: figs/pic1.pdf Graphic file (type pdf)
<use figs/pic1.pdf>
Package pdftex.def Info: figs/pic1.pdf  used on input line 422.
(pdftex.def)             Requested size: 72.55452pt x 72.5539pt.
File: figs/pic1.pdf Graphic file (type pdf)
<use figs/pic1.pdf>
Package pdftex.def Info: figs/pic1.pdf  used on input line 435.
(pdftex.def)             Requested size: 72.55452pt x 72.5539pt.
... wr-fig: [BL: 10.0pt] ...
... wr-fig: [LINE-FP: 7.755389404296875] ...
... wr-fig: [LINE-INT: 8] ...
File: figs/pic1.pdf Graphic file (type pdf)
<use figs/pic1.pdf>
Package pdftex.def Info: figs/pic1.pdf  used on input line 435.
(pdftex.def)             Requested size: 72.55452pt x 72.5539pt.
Package atveryend Info: Empty hook `BeforeClearDocument' on input line 443.
[3 <./figs/pic1.pdf>]
Package atveryend Info: Empty hook `AfterLastShipout' on input line 443.
 (./cas-dc-template.aux)
Package atveryend Info: Executing hook `AtVeryEndDocument' on input line 443.
Package atveryend Info: Executing hook `AtEndAfterFileList' on input line 443.
Package rerunfilecheck Info: File `cas-dc-template.out' has not changed.
(rerunfilecheck)             Checksum: D41D8CD98F00B204E9800998ECF8427E;0.
 ) 
Here is how much of TeX's memory you used:
 20412 strings out of 492649
 343157 string characters out of 6133385
 421785 words of memory out of 5000000
 24000 multiletter control sequences out of 15000+600000
 636167 words of font info for 160 fonts, out of 8000000 for 9000
 1141 hyphenation exceptions out of 8191
 43i,11n,69p,10463b,404s stack positions out of 5000i,500n,10000p,200000b,80000s
{c:/texlive/2018/texmf-dist/fonts/enc/dvips/inconsolata/i4-ts1.enc}{c:/texlive/2018/texmf-dist/fonts/enc/dvips/cm-super/cm-super-t1.enc}{c:/texlive/2018/texmf-dist/fonts/enc/dvips/inconsolata/i4-t1-0.enc}{c:/texlive/2018/texmf-dist/fonts/enc/dvips/stix/stix-t1.enc}{c:/texlive/2018/texmf-dist/fonts/enc/dvips/stix/stix-ts1.enc}<c:/texlive/2018/texmf-dist/fonts/type1/public/inconsolata/Inconsolata-zi4r.pfb><c:/texlive/2018/texmf-dist/fonts/type1/public/stix/STIXGeneral-Bold.pfb><c:/texlive/2018/texmf-dist/fonts/type1/public/stix/STIXGeneral-Italic.pfb><c:/texlive/2018/texmf-dist/fonts/type1/public/stix/STIXGeneral-Regular.pfb><c:/texlive/2018/texmf-dist/fonts/type1/public/amsfonts/cm/cmr10.pfb><c:/texlive/2018/texmf-dist/fonts/type1/public/cm-super/sfcc0900.pfb><c:/texlive/2018/texmf-dist/fonts/type1/public/cm-super/sfss0900.pfb><c:/texlive/2018/texmf-dist/fonts/type1/public/cm-super/sfsx0900.pfb><c:/texlive/2018/texmf-dist/fonts/type1/public/stix/stix-mathex.pfb><c:/texlive/2018/texmf-dist/fonts/type1/public/stix/stix-mathit.pfb><c:/texlive/2018/texmf-dist/fonts/type1/public/stix/stix-mathrm.pfb>
Output written on cas-dc-template.pdf (5 pages, 244144 bytes).
PDF statistics:
 139 PDF objects out of 1000 (max. 8388607)
 114 compressed objects within 2 object streams
 34 named destinations out of 1000 (max. 500000)
 26 words of extra memory for PDF output out of 10000 (max. 10000000)

